app/build/intermediates/manifest_merge_blame_file/debug/processDebugMainManifest/manifest-merger-blame-debug-report.txt
1<?xml version="1.0" encoding="utf-8"?>
2<manifest xmlns:android="http://schemas.android.com/apk/res/android"
3    package="com.example.teste1"
4    android:versionCode="1"
5    android:versionName="1.0" >
6
7    <uses-sdk
8        android:minSdkVersion="24"
9        android:targetSdkVersion="36" />
10
11    <uses-permission android:name="android.permission.INTERNET" />
11-->src/main/AndroidManifest.xml:5:5-67
11-->src/main/AndroidManifest.xml:5:22-64
12    <uses-permission android:name="android.permission.ACCESS_NETWORK_STATE" /> <!-- Used to check if a browser is available before launching phone auth -->
12-->[com.firebaseui:firebase-ui-auth:9.0.0] AndroidManifest.xml:8:5-79
12-->[com.firebaseui:firebase-ui-auth:9.0.0] AndroidManifest.xml:8:22-76
13    <!-- See ui/phone/PhoneNumberVerificationHandler.isBrowserAvailable() -->
14    <queries>
14-->[com.firebaseui:firebase-ui-auth:9.0.0] AndroidManifest.xml:13:5-21:15
15        <intent>
15-->[com.firebaseui:firebase-ui-auth:9.0.0] AndroidManifest.xml:14:9-20:18
16            <action android:name="android.intent.action.VIEW" />
16-->[com.firebaseui:firebase-ui-auth:9.0.0] AndroidManifest.xml:15:13-65
16-->[com.firebaseui:firebase-ui-auth:9.0.0] AndroidManifest.xml:15:21-62
17
18            <category android:name="android.intent.category.BROWSABLE" />
18-->[com.firebaseui:firebase-ui-auth:9.0.0] AndroidManifest.xml:17:13-74
18-->[com.firebaseui:firebase-ui-auth:9.0.0] AndroidManifest.xml:17:23-71
19
20            <data android:scheme="http" />
20-->[com.firebaseui:firebase-ui-auth:9.0.0] AndroidManifest.xml:19:13-43
20-->[com.firebaseui:firebase-ui-auth:9.0.0] AndroidManifest.xml:19:19-40
21        </intent>
22    </queries>
23
24    <uses-permission android:name="android.permission.WAKE_LOCK" />
24-->[com.google.android.gms:play-services-measurement:23.0.0] AndroidManifest.xml:25:5-68
24-->[com.google.android.gms:play-services-measurement:23.0.0] AndroidManifest.xml:25:22-65
25    <uses-permission android:name="com.google.android.finsky.permission.BIND_GET_INSTALL_REFERRER_SERVICE" />
25-->[com.google.android.gms:play-services-measurement:23.0.0] AndroidManifest.xml:26:5-110
25-->[com.google.android.gms:play-services-measurement:23.0.0] AndroidManifest.xml:26:22-107
26    <uses-permission android:name="com.google.android.gms.permission.AD_ID" />
26-->[com.google.android.gms:play-services-measurement-impl:23.0.0] AndroidManifest.xml:27:5-79
26-->[com.google.android.gms:play-services-measurement-impl:23.0.0] AndroidManifest.xml:27:22-76
27    <uses-permission android:name="android.permission.ACCESS_ADSERVICES_ATTRIBUTION" />
27-->[com.google.android.gms:play-services-measurement-api:23.0.0] AndroidManifest.xml:26:5-88
27-->[com.google.android.gms:play-services-measurement-api:23.0.0] AndroidManifest.xml:26:22-85
28    <uses-permission android:name="android.permission.ACCESS_ADSERVICES_AD_ID" />
28-->[com.google.android.gms:play-services-measurement-api:23.0.0] AndroidManifest.xml:27:5-82
28-->[com.google.android.gms:play-services-measurement-api:23.0.0] AndroidManifest.xml:27:22-79
29    <uses-permission android:name="com.google.android.providers.gsf.permission.READ_GSERVICES" />
29-->[com.google.android.recaptcha:recaptcha:18.6.1] AndroidManifest.xml:9:5-98
29-->[com.google.android.recaptcha:recaptcha:18.6.1] AndroidManifest.xml:9:22-95
30
31    <permission
31-->[androidx.core:core:1.13.1] AndroidManifest.xml:22:5-24:47
32        android:name="com.example.teste1.DYNAMIC_RECEIVER_NOT_EXPORTED_PERMISSION"
32-->[androidx.core:core:1.13.1] AndroidManifest.xml:23:9-81
33        android:protectionLevel="signature" />
33-->[androidx.core:core:1.13.1] AndroidManifest.xml:24:9-44
34
35    <uses-permission android:name="com.example.teste1.DYNAMIC_RECEIVER_NOT_EXPORTED_PERMISSION" />
35-->[androidx.core:core:1.13.1] AndroidManifest.xml:26:5-97
35-->[androidx.core:core:1.13.1] AndroidManifest.xml:26:22-94
36
37    <application
37-->src/main/AndroidManifest.xml:7:5-64:19
38        android:allowBackup="true"
38-->src/main/AndroidManifest.xml:8:9-35
39        android:appComponentFactory="androidx.core.app.CoreComponentFactory"
39-->[androidx.core:core:1.13.1] AndroidManifest.xml:28:18-86
40        android:dataExtractionRules="@xml/data_extraction_rules"
40-->src/main/AndroidManifest.xml:9:9-65
41        android:debuggable="true"
42        android:extractNativeLibs="false"
43        android:fullBackupContent="@xml/backup_rules"
43-->src/main/AndroidManifest.xml:10:9-54
44        android:icon="@mipmap/ic_launcher"
44-->src/main/AndroidManifest.xml:11:9-43
45        android:label="@string/app_name"
45-->src/main/AndroidManifest.xml:12:9-41
46        android:roundIcon="@mipmap/ic_launcher_round"
46-->src/main/AndroidManifest.xml:13:9-54
47        android:supportsRtl="true"
47-->src/main/AndroidManifest.xml:14:9-35
48        android:testOnly="true"
49        android:theme="@style/Theme.Teste1" >
49-->src/main/AndroidManifest.xml:15:9-44
50        <activity
50-->src/main/AndroidManifest.xml:16:9-18:40
51            android:name="com.example.teste1.TelaEditarPublicacao"
51-->src/main/AndroidManifest.xml:17:13-49
52            android:exported="false" />
52-->src/main/AndroidManifest.xml:18:13-37
53        <activity
53-->src/main/AndroidManifest.xml:19:9-21:40
54            android:name="com.example.teste1.TelaConfiguracoes"
54-->src/main/AndroidManifest.xml:20:13-46
55            android:exported="false" />
55-->src/main/AndroidManifest.xml:21:13-37
56        <activity
56-->src/main/AndroidManifest.xml:22:9-24:40
57            android:name="com.example.teste1.TelaEditarPerfil"
57-->src/main/AndroidManifest.xml:23:13-45
58            android:exported="false" />
58-->src/main/AndroidManifest.xml:24:13-37
59        <activity
59-->src/main/AndroidManifest.xml:25:9-27:40
60            android:name="com.example.teste1.item_comentario"
60-->src/main/AndroidManifest.xml:26:13-44
61            android:exported="false" />
61-->src/main/AndroidManifest.xml:27:13-37
62        <activity
62-->src/main/AndroidManifest.xml:28:9-30:40
63            android:name="com.example.teste1.menu_bottom_nav"
63-->src/main/AndroidManifest.xml:29:13-44
64            android:exported="false" />
64-->src/main/AndroidManifest.xml:30:13-37
65        <activity
65-->src/main/AndroidManifest.xml:31:9-33:40
66            android:name="com.example.teste1.TelaComentarios"
66-->src/main/AndroidManifest.xml:32:13-44
67            android:exported="false" />
67-->src/main/AndroidManifest.xml:33:13-37
68        <activity
68-->src/main/AndroidManifest.xml:34:9-36:40
69            android:name="com.example.teste1.item_publicacao"
69-->src/main/AndroidManifest.xml:35:13-44
70            android:exported="false" />
70-->src/main/AndroidManifest.xml:36:13-37
71        <activity
71-->src/main/AndroidManifest.xml:37:9-39:40
72            android:name="com.example.teste1.view.formpublicacao.FormPublicacao"
72-->src/main/AndroidManifest.xml:38:13-63
73            android:exported="false" />
73-->src/main/AndroidManifest.xml:39:13-37
74        <activity
74-->src/main/AndroidManifest.xml:40:9-42:40
75            android:name="com.example.teste1.view.telas_usuario.TelaPerfil"
75-->src/main/AndroidManifest.xml:41:13-58
76            android:exported="false" />
76-->src/main/AndroidManifest.xml:42:13-37
77        <activity
77-->src/main/AndroidManifest.xml:43:9-45:40
78            android:name="com.example.teste1.view.telas_usuario.TelaPrincipal"
78-->src/main/AndroidManifest.xml:44:13-61
79            android:exported="false" />
79-->src/main/AndroidManifest.xml:45:13-37
80        <activity
80-->src/main/AndroidManifest.xml:46:9-48:40
81            android:name="com.example.teste1.view.formestilo.FormEstilo"
81-->src/main/AndroidManifest.xml:47:13-55
82            android:exported="false" />
82-->src/main/AndroidManifest.xml:48:13-37
83        <activity
83-->src/main/AndroidManifest.xml:49:9-51:40
84            android:name="com.example.teste1.view.formregistro.FormRegistro"
84-->src/main/AndroidManifest.xml:50:13-59
85            android:exported="false" />
85-->src/main/AndroidManifest.xml:51:13-37
86        <activity
86-->src/main/AndroidManifest.xml:52:9-54:40
87            android:name="com.example.teste1.view.formlogin.FormLogin"
87-->src/main/AndroidManifest.xml:53:13-53
88            android:exported="false" />
88-->src/main/AndroidManifest.xml:54:13-37
89        <activity
89-->src/main/AndroidManifest.xml:55:9-63:20
90            android:name="com.example.teste1.view.formcadastro.FormCadastro"
90-->src/main/AndroidManifest.xml:56:13-59
91            android:exported="true" >
91-->src/main/AndroidManifest.xml:57:13-36
92            <intent-filter>
92-->src/main/AndroidManifest.xml:58:13-62:29
93                <action android:name="android.intent.action.MAIN" />
93-->src/main/AndroidManifest.xml:59:17-69
93-->src/main/AndroidManifest.xml:59:25-66
94
95                <category android:name="android.intent.category.LAUNCHER" />
95-->src/main/AndroidManifest.xml:61:17-77
95-->src/main/AndroidManifest.xml:61:27-74
96            </intent-filter>
97        </activity>
98
99        <meta-data
99-->[com.firebaseui:firebase-ui-auth:9.0.0] AndroidManifest.xml:24:9-26:69
100            android:name="com.google.android.gms.version"
100-->[com.firebaseui:firebase-ui-auth:9.0.0] AndroidManifest.xml:25:13-58
101            android:value="@integer/google_play_services_version" />
101-->[com.firebaseui:firebase-ui-auth:9.0.0] AndroidManifest.xml:26:13-66
102        <meta-data
102-->[com.firebaseui:firebase-ui-auth:9.0.0] AndroidManifest.xml:27:9-29:63
103            android:name="com.facebook.sdk.ApplicationId"
103-->[com.firebaseui:firebase-ui-auth:9.0.0] AndroidManifest.xml:28:13-58
104            android:value="@string/facebook_application_id" />
104-->[com.firebaseui:firebase-ui-auth:9.0.0] AndroidManifest.xml:29:13-60
105
106        <activity
106-->[com.firebaseui:firebase-ui-auth:9.0.0] AndroidManifest.xml:31:9-35:61
107            android:name="com.firebase.ui.auth.KickoffActivity"
107-->[com.firebaseui:firebase-ui-auth:9.0.0] AndroidManifest.xml:32:13-64
108            android:exported="false"
108-->[com.firebaseui:firebase-ui-auth:9.0.0] AndroidManifest.xml:33:13-37
109            android:label=""
109-->[com.firebaseui:firebase-ui-auth:9.0.0] AndroidManifest.xml:34:13-29
110            android:theme="@style/FirebaseUI.Transparent" />
110-->[com.firebaseui:firebase-ui-auth:9.0.0] AndroidManifest.xml:35:13-58
111        <activity
111-->[com.firebaseui:firebase-ui-auth:9.0.0] AndroidManifest.xml:36:9-40:61
112            android:name="com.firebase.ui.auth.ui.idp.SingleSignInActivity"
112-->[com.firebaseui:firebase-ui-auth:9.0.0] AndroidManifest.xml:37:13-76
113            android:exported="false"
113-->[com.firebaseui:firebase-ui-auth:9.0.0] AndroidManifest.xml:38:13-37
114            android:label=""
114-->[com.firebaseui:firebase-ui-auth:9.0.0] AndroidManifest.xml:39:13-29
115            android:theme="@style/FirebaseUI.Transparent" />
115-->[com.firebaseui:firebase-ui-auth:9.0.0] AndroidManifest.xml:40:13-58
116        <activity
116-->[com.firebaseui:firebase-ui-auth:9.0.0] AndroidManifest.xml:41:9-45:61
117            android:name="com.firebase.ui.auth.ui.credentials.CredentialSaveActivity"
117-->[com.firebaseui:firebase-ui-auth:9.0.0] AndroidManifest.xml:42:13-86
118            android:exported="false"
118-->[com.firebaseui:firebase-ui-auth:9.0.0] AndroidManifest.xml:43:13-37
119            android:label=""
119-->[com.firebaseui:firebase-ui-auth:9.0.0] AndroidManifest.xml:44:13-29
120            android:theme="@style/FirebaseUI.Transparent" />
120-->[com.firebaseui:firebase-ui-auth:9.0.0] AndroidManifest.xml:45:13-58
121        <activity
121-->[com.firebaseui:firebase-ui-auth:9.0.0] AndroidManifest.xml:46:9-50:58
122            android:name="com.firebase.ui.auth.ui.email.RecoverPasswordActivity"
122-->[com.firebaseui:firebase-ui-auth:9.0.0] AndroidManifest.xml:47:13-81
123            android:exported="false"
123-->[com.firebaseui:firebase-ui-auth:9.0.0] AndroidManifest.xml:48:13-37
124            android:label="@string/fui_title_recover_password_activity"
124-->[com.firebaseui:firebase-ui-auth:9.0.0] AndroidManifest.xml:49:13-72
125            android:windowSoftInputMode="adjustResize" />
125-->[com.firebaseui:firebase-ui-auth:9.0.0] AndroidManifest.xml:50:13-55
126        <activity
126-->[com.firebaseui:firebase-ui-auth:9.0.0] AndroidManifest.xml:51:9-55:58
127            android:name="com.firebase.ui.auth.ui.email.EmailActivity"
127-->[com.firebaseui:firebase-ui-auth:9.0.0] AndroidManifest.xml:52:13-71
128            android:exported="false"
128-->[com.firebaseui:firebase-ui-auth:9.0.0] AndroidManifest.xml:53:13-37
129            android:label="@string/fui_sign_in_default"
129-->[com.firebaseui:firebase-ui-auth:9.0.0] AndroidManifest.xml:54:13-56
130            android:windowSoftInputMode="adjustResize" />
130-->[com.firebaseui:firebase-ui-auth:9.0.0] AndroidManifest.xml:55:13-55
131        <activity
131-->[com.firebaseui:firebase-ui-auth:9.0.0] AndroidManifest.xml:56:9-60:77
132            android:name="com.firebase.ui.auth.ui.phone.PhoneActivity"
132-->[com.firebaseui:firebase-ui-auth:9.0.0] AndroidManifest.xml:57:13-71
133            android:exported="false"
133-->[com.firebaseui:firebase-ui-auth:9.0.0] AndroidManifest.xml:58:13-37
134            android:label="@string/fui_sign_in_with_phone_number"
134-->[com.firebaseui:firebase-ui-auth:9.0.0] AndroidManifest.xml:59:13-66
135            android:windowSoftInputMode="adjustResize|stateAlwaysVisible" />
135-->[com.firebaseui:firebase-ui-auth:9.0.0] AndroidManifest.xml:60:13-74
136        <activity
136-->[com.firebaseui:firebase-ui-auth:9.0.0] AndroidManifest.xml:61:9-65:58
137            android:name="com.firebase.ui.auth.ui.idp.WelcomeBackIdpPrompt"
137-->[com.firebaseui:firebase-ui-auth:9.0.0] AndroidManifest.xml:62:13-76
138            android:exported="false"
138-->[com.firebaseui:firebase-ui-auth:9.0.0] AndroidManifest.xml:63:13-37
139            android:label="@string/fui_title_welcome_back_idp_prompt"
139-->[com.firebaseui:firebase-ui-auth:9.0.0] AndroidManifest.xml:64:13-70
140            android:windowSoftInputMode="adjustResize" />
140-->[com.firebaseui:firebase-ui-auth:9.0.0] AndroidManifest.xml:65:13-55
141        <activity
141-->[com.firebaseui:firebase-ui-auth:9.0.0] AndroidManifest.xml:66:9-70:58
142            android:name="com.firebase.ui.auth.ui.email.WelcomeBackPasswordPrompt"
142-->[com.firebaseui:firebase-ui-auth:9.0.0] AndroidManifest.xml:67:13-83
143            android:exported="false"
143-->[com.firebaseui:firebase-ui-auth:9.0.0] AndroidManifest.xml:68:13-37
144            android:label="@string/fui_title_welcome_back_password_prompt"
144-->[com.firebaseui:firebase-ui-auth:9.0.0] AndroidManifest.xml:69:13-75
145            android:windowSoftInputMode="adjustResize" />
145-->[com.firebaseui:firebase-ui-auth:9.0.0] AndroidManifest.xml:70:13-55
146        <activity
146-->[com.firebaseui:firebase-ui-auth:9.0.0] AndroidManifest.xml:71:9-75:58
147            android:name="com.firebase.ui.auth.ui.email.WelcomeBackEmailLinkPrompt"
147-->[com.firebaseui:firebase-ui-auth:9.0.0] AndroidManifest.xml:72:13-84
148            android:exported="false"
148-->[com.firebaseui:firebase-ui-auth:9.0.0] AndroidManifest.xml:73:13-37
149            android:label="@string/fui_title_welcome_back_password_prompt"
149-->[com.firebaseui:firebase-ui-auth:9.0.0] AndroidManifest.xml:74:13-75
150            android:windowSoftInputMode="adjustResize" />
150-->[com.firebaseui:firebase-ui-auth:9.0.0] AndroidManifest.xml:75:13-55
151        <activity
151-->[com.firebaseui:firebase-ui-auth:9.0.0] AndroidManifest.xml:76:9-81:58
152            android:name="com.firebase.ui.auth.ui.email.EmailLinkCatcherActivity"
152-->[com.firebaseui:firebase-ui-auth:9.0.0] AndroidManifest.xml:77:13-82
153            android:exported="false"
153-->[com.firebaseui:firebase-ui-auth:9.0.0] AndroidManifest.xml:78:13-37
154            android:label=""
154-->[com.firebaseui:firebase-ui-auth:9.0.0] AndroidManifest.xml:79:13-29
155            android:theme="@style/FirebaseUI.Transparent"
155-->[com.firebaseui:firebase-ui-auth:9.0.0] AndroidManifest.xml:80:13-58
156            android:windowSoftInputMode="adjustResize" />
156-->[com.firebaseui:firebase-ui-auth:9.0.0] AndroidManifest.xml:81:13-55
157        <activity
157-->[com.firebaseui:firebase-ui-auth:9.0.0] AndroidManifest.xml:82:9-86:58
158            android:name="com.firebase.ui.auth.ui.email.EmailLinkErrorRecoveryActivity"
158-->[com.firebaseui:firebase-ui-auth:9.0.0] AndroidManifest.xml:83:13-88
159            android:exported="false"
159-->[com.firebaseui:firebase-ui-auth:9.0.0] AndroidManifest.xml:84:13-37
160            android:label="@string/fui_sign_in_default"
160-->[com.firebaseui:firebase-ui-auth:9.0.0] AndroidManifest.xml:85:13-56
161            android:windowSoftInputMode="adjustResize" />
161-->[com.firebaseui:firebase-ui-auth:9.0.0] AndroidManifest.xml:86:13-55
162        <activity
162-->[com.firebaseui:firebase-ui-auth:9.0.0] AndroidManifest.xml:87:9-90:65
163            android:name="com.firebase.ui.auth.ui.idp.AuthMethodPickerActivity"
163-->[com.firebaseui:firebase-ui-auth:9.0.0] AndroidManifest.xml:88:13-80
164            android:exported="false"
164-->[com.firebaseui:firebase-ui-auth:9.0.0] AndroidManifest.xml:89:13-37
165            android:label="@string/fui_default_toolbar_title" />
165-->[com.firebaseui:firebase-ui-auth:9.0.0] AndroidManifest.xml:90:13-62
166        <activity
166-->[com.firebaseui:firebase-ui-auth:9.0.0] AndroidManifest.xml:91:9-95:48
167            android:name="com.facebook.FacebookActivity"
167-->[com.firebaseui:firebase-ui-auth:9.0.0] AndroidManifest.xml:92:13-57
168            android:configChanges="keyboard|keyboardHidden|screenLayout|screenSize|orientation"
168-->[com.firebaseui:firebase-ui-auth:9.0.0] AndroidManifest.xml:93:13-96
169            android:label="@string/app_name" />
169-->[com.firebaseui:firebase-ui-auth:9.0.0] AndroidManifest.xml:94:13-45
170        <activity
170-->[com.firebaseui:firebase-ui-auth:9.0.0] AndroidManifest.xml:96:9-108:20
171            android:name="com.facebook.CustomTabActivity"
171-->[com.firebaseui:firebase-ui-auth:9.0.0] AndroidManifest.xml:97:13-58
172            android:exported="true" >
172-->[com.firebaseui:firebase-ui-auth:9.0.0] AndroidManifest.xml:98:13-36
173            <intent-filter>
173-->[com.firebaseui:firebase-ui-auth:9.0.0] AndroidManifest.xml:100:13-107:29
174                <action android:name="android.intent.action.VIEW" />
174-->[com.firebaseui:firebase-ui-auth:9.0.0] AndroidManifest.xml:15:13-65
174-->[com.firebaseui:firebase-ui-auth:9.0.0] AndroidManifest.xml:15:21-62
175
176                <category android:name="android.intent.category.DEFAULT" />
176-->[com.firebaseui:firebase-ui-auth:9.0.0] AndroidManifest.xml:103:17-76
176-->[com.firebaseui:firebase-ui-auth:9.0.0] AndroidManifest.xml:103:27-73
177                <category android:name="android.intent.category.BROWSABLE" />
177-->[com.firebaseui:firebase-ui-auth:9.0.0] AndroidManifest.xml:17:13-74
177-->[com.firebaseui:firebase-ui-auth:9.0.0] AndroidManifest.xml:17:23-71
178
179                <data android:scheme="@string/facebook_login_protocol_scheme" />
179-->[com.firebaseui:firebase-ui-auth:9.0.0] AndroidManifest.xml:19:13-43
179-->[com.firebaseui:firebase-ui-auth:9.0.0] AndroidManifest.xml:19:19-40
180            </intent-filter>
181        </activity>
182
183        <provider
183-->[com.firebaseui:firebase-ui-auth:9.0.0] AndroidManifest.xml:110:9-114:38
184            android:name="com.firebase.ui.auth.data.client.AuthUiInitProvider"
184-->[com.firebaseui:firebase-ui-auth:9.0.0] AndroidManifest.xml:111:13-79
185            android:authorities="com.example.teste1.authuiinitprovider"
185-->[com.firebaseui:firebase-ui-auth:9.0.0] AndroidManifest.xml:112:13-70
186            android:exported="false"
186-->[com.firebaseui:firebase-ui-auth:9.0.0] AndroidManifest.xml:113:13-37
187            android:initOrder="90" />
187-->[com.firebaseui:firebase-ui-auth:9.0.0] AndroidManifest.xml:114:13-35
188
189        <activity
189-->[com.google.firebase:firebase-auth:24.0.1] AndroidManifest.xml:29:9-46:20
190            android:name="com.google.firebase.auth.internal.GenericIdpActivity"
190-->[com.google.firebase:firebase-auth:24.0.1] AndroidManifest.xml:30:13-80
191            android:excludeFromRecents="true"
191-->[com.google.firebase:firebase-auth:24.0.1] AndroidManifest.xml:31:13-46
192            android:exported="true"
192-->[com.google.firebase:firebase-auth:24.0.1] AndroidManifest.xml:32:13-36
193            android:launchMode="singleTask"
193-->[com.google.firebase:firebase-auth:24.0.1] AndroidManifest.xml:33:13-44
194            android:theme="@android:style/Theme.Translucent.NoTitleBar" >
194-->[com.google.firebase:firebase-auth:24.0.1] AndroidManifest.xml:34:13-72
195            <intent-filter>
195-->[com.google.firebase:firebase-auth:24.0.1] AndroidManifest.xml:35:13-45:29
196                <action android:name="android.intent.action.VIEW" />
196-->[com.firebaseui:firebase-ui-auth:9.0.0] AndroidManifest.xml:15:13-65
196-->[com.firebaseui:firebase-ui-auth:9.0.0] AndroidManifest.xml:15:21-62
197
198                <category android:name="android.intent.category.DEFAULT" />
198-->[com.firebaseui:firebase-ui-auth:9.0.0] AndroidManifest.xml:103:17-76
198-->[com.firebaseui:firebase-ui-auth:9.0.0] AndroidManifest.xml:103:27-73
199                <category android:name="android.intent.category.BROWSABLE" />
199-->[com.firebaseui:firebase-ui-auth:9.0.0] AndroidManifest.xml:17:13-74
199-->[com.firebaseui:firebase-ui-auth:9.0.0] AndroidManifest.xml:17:23-71
200
201                <data
201-->[com.firebaseui:firebase-ui-auth:9.0.0] AndroidManifest.xml:19:13-43
202                    android:host="firebase.auth"
203                    android:path="/"
204                    android:scheme="genericidp" />
204-->[com.firebaseui:firebase-ui-auth:9.0.0] AndroidManifest.xml:19:19-40
205            </intent-filter>
206        </activity>
207        <activity
207-->[com.google.firebase:firebase-auth:24.0.1] AndroidManifest.xml:47:9-64:20
208            android:name="com.google.firebase.auth.internal.RecaptchaActivity"
208-->[com.google.firebase:firebase-auth:24.0.1] AndroidManifest.xml:48:13-79
209            android:excludeFromRecents="true"
209-->[com.google.firebase:firebase-auth:24.0.1] AndroidManifest.xml:49:13-46
210            android:exported="true"
210-->[com.google.firebase:firebase-auth:24.0.1] AndroidManifest.xml:50:13-36
211            android:launchMode="singleTask"
211-->[com.google.firebase:firebase-auth:24.0.1] AndroidManifest.xml:51:13-44
212            android:theme="@android:style/Theme.Translucent.NoTitleBar" >
212-->[com.google.firebase:firebase-auth:24.0.1] AndroidManifest.xml:52:13-72
213            <intent-filter>
213-->[com.google.firebase:firebase-auth:24.0.1] AndroidManifest.xml:53:13-63:29
214                <action android:name="android.intent.action.VIEW" />
214-->[com.firebaseui:firebase-ui-auth:9.0.0] AndroidManifest.xml:15:13-65
214-->[com.firebaseui:firebase-ui-auth:9.0.0] AndroidManifest.xml:15:21-62
215
216                <category android:name="android.intent.category.DEFAULT" />
216-->[com.firebaseui:firebase-ui-auth:9.0.0] AndroidManifest.xml:103:17-76
216-->[com.firebaseui:firebase-ui-auth:9.0.0] AndroidManifest.xml:103:27-73
217                <category android:name="android.intent.category.BROWSABLE" />
217-->[com.firebaseui:firebase-ui-auth:9.0.0] AndroidManifest.xml:17:13-74
217-->[com.firebaseui:firebase-ui-auth:9.0.0] AndroidManifest.xml:17:23-71
218
219                <data
219-->[com.firebaseui:firebase-ui-auth:9.0.0] AndroidManifest.xml:19:13-43
220                    android:host="firebase.auth"
221                    android:path="/"
222                    android:scheme="recaptcha" />
222-->[com.firebaseui:firebase-ui-auth:9.0.0] AndroidManifest.xml:19:19-40
223            </intent-filter>
224        </activity>
225
226        <service
226-->[com.google.firebase:firebase-auth:24.0.1] AndroidManifest.xml:66:9-72:19
227            android:name="com.google.firebase.components.ComponentDiscoveryService"
227-->[com.google.firebase:firebase-auth:24.0.1] AndroidManifest.xml:67:13-84
228            android:directBootAware="true"
228-->[com.google.firebase:firebase-common:22.0.0] AndroidManifest.xml:32:13-43
229            android:exported="false" >
229-->[com.google.firebase:firebase-auth:24.0.1] AndroidManifest.xml:68:13-37
230            <meta-data
230-->[com.google.firebase:firebase-auth:24.0.1] AndroidManifest.xml:69:13-71:85
231                android:name="com.google.firebase.components:com.google.firebase.auth.FirebaseAuthRegistrar"
231-->[com.google.firebase:firebase-auth:24.0.1] AndroidManifest.xml:70:17-109
232                android:value="com.google.firebase.components.ComponentRegistrar" />
232-->[com.google.firebase:firebase-auth:24.0.1] AndroidManifest.xml:71:17-82
233            <meta-data
233-->[com.google.android.gms:play-services-measurement-api:23.0.0] AndroidManifest.xml:33:13-35:85
234                android:name="com.google.firebase.components:com.google.firebase.analytics.connector.internal.AnalyticsConnectorRegistrar"
234-->[com.google.android.gms:play-services-measurement-api:23.0.0] AndroidManifest.xml:34:17-139
235                android:value="com.google.firebase.components.ComponentRegistrar" />
235-->[com.google.android.gms:play-services-measurement-api:23.0.0] AndroidManifest.xml:35:17-82
236            <meta-data
236-->[com.google.firebase:firebase-installations:19.0.0] AndroidManifest.xml:15:13-17:85
237                android:name="com.google.firebase.components:com.google.firebase.installations.FirebaseInstallationsKtxRegistrar"
237-->[com.google.firebase:firebase-installations:19.0.0] AndroidManifest.xml:16:17-130
238                android:value="com.google.firebase.components.ComponentRegistrar" />
238-->[com.google.firebase:firebase-installations:19.0.0] AndroidManifest.xml:17:17-82
239            <meta-data
239-->[com.google.firebase:firebase-installations:19.0.0] AndroidManifest.xml:18:13-20:85
240                android:name="com.google.firebase.components:com.google.firebase.installations.FirebaseInstallationsRegistrar"
240-->[com.google.firebase:firebase-installations:19.0.0] AndroidManifest.xml:19:17-127
241                android:value="com.google.firebase.components.ComponentRegistrar" />
241-->[com.google.firebase:firebase-installations:19.0.0] AndroidManifest.xml:20:17-82
242            <meta-data
242-->[com.google.firebase:firebase-common:22.0.0] AndroidManifest.xml:35:13-37:85
243                android:name="com.google.firebase.components:com.google.firebase.FirebaseCommonKtxRegistrar"
243-->[com.google.firebase:firebase-common:22.0.0] AndroidManifest.xml:36:17-109
244                android:value="com.google.firebase.components.ComponentRegistrar" />
244-->[com.google.firebase:firebase-common:22.0.0] AndroidManifest.xml:37:17-82
245        </service>
246        <service
246-->[androidx.credentials:credentials-play-services-auth:1.3.0] AndroidManifest.xml:24:9-32:19
247            android:name="androidx.credentials.playservices.CredentialProviderMetadataHolder"
247-->[androidx.credentials:credentials-play-services-auth:1.3.0] AndroidManifest.xml:25:13-94
248            android:enabled="true"
248-->[androidx.credentials:credentials-play-services-auth:1.3.0] AndroidManifest.xml:26:13-35
249            android:exported="false" >
249-->[androidx.credentials:credentials-play-services-auth:1.3.0] AndroidManifest.xml:27:13-37
250            <meta-data
250-->[androidx.credentials:credentials-play-services-auth:1.3.0] AndroidManifest.xml:29:13-31:104
251                android:name="androidx.credentials.CREDENTIAL_PROVIDER_KEY"
251-->[androidx.credentials:credentials-play-services-auth:1.3.0] AndroidManifest.xml:30:17-76
252                android:value="androidx.credentials.playservices.CredentialProviderPlayServicesImpl" />
252-->[androidx.credentials:credentials-play-services-auth:1.3.0] AndroidManifest.xml:31:17-101
253        </service>
254
255        <activity
255-->[androidx.credentials:credentials-play-services-auth:1.3.0] AndroidManifest.xml:34:9-41:20
256            android:name="androidx.credentials.playservices.HiddenActivity"
256-->[androidx.credentials:credentials-play-services-auth:1.3.0] AndroidManifest.xml:35:13-76
257            android:configChanges="orientation|screenSize|screenLayout|keyboardHidden"
257-->[androidx.credentials:credentials-play-services-auth:1.3.0] AndroidManifest.xml:36:13-87
258            android:enabled="true"
258-->[androidx.credentials:credentials-play-services-auth:1.3.0] AndroidManifest.xml:37:13-35
259            android:exported="false"
259-->[androidx.credentials:credentials-play-services-auth:1.3.0] AndroidManifest.xml:38:13-37
260            android:fitsSystemWindows="true"
260-->[androidx.credentials:credentials-play-services-auth:1.3.0] AndroidManifest.xml:39:13-45
261            android:theme="@style/Theme.Hidden" >
261-->[androidx.credentials:credentials-play-services-auth:1.3.0] AndroidManifest.xml:40:13-48
262        </activity>
263        <activity
263-->[com.google.android.gms:play-services-auth:21.3.0] AndroidManifest.xml:23:9-27:75
264            android:name="com.google.android.gms.auth.api.signin.internal.SignInHubActivity"
264-->[com.google.android.gms:play-services-auth:21.3.0] AndroidManifest.xml:24:13-93
265            android:excludeFromRecents="true"
265-->[com.google.android.gms:play-services-auth:21.3.0] AndroidManifest.xml:25:13-46
266            android:exported="false"
266-->[com.google.android.gms:play-services-auth:21.3.0] AndroidManifest.xml:26:13-37
267            android:theme="@android:style/Theme.Translucent.NoTitleBar" />